[07:38:56] [Client thread/INFO]: Setting user: Player390
[07:38:56] [Client thread/INFO]: (Session ID is token:FML:Player390)
[07:39:00] [Client thread/INFO]: LWJGL Version: 2.9.1
[07:39:07] [Client thread/INFO]: Reloading ResourceManager: Default, FMLFileResourcePack:Forge Mod Loader
[07:39:08] [Sound Library Loader/INFO]: Starting up SoundSystem...
[07:39:08] [Thread-6/INFO]: Initializing LWJGL OpenAL
[07:39:08] [Thread-6/INFO]: (The LWJGL binding of OpenAL.  For more information, see http://www.lwjgl.org)
[07:39:08] [Thread-6/INFO]: OpenAL initialized.
[07:39:09] [Sound Library Loader/INFO]: Sound engine started
[07:39:14] [Client thread/INFO]: Created: 512x512 textures-atlas
[07:39:15] [Client thread/INFO]: Reloading ResourceManager: Default, FMLFileResourcePack:Forge Mod Loader
[07:39:15] [Client thread/INFO]: SoundSystem shutting down...
[07:39:15] [Client thread/WARN]: Author: Paul Lamb, www.paulscode.com
[07:39:15] [Sound Library Loader/INFO]: Starting up SoundSystem...
[07:39:15] [Thread-8/INFO]: Initializing LWJGL OpenAL
[07:39:15] [Thread-8/INFO]: (The LWJGL binding of OpenAL.  For more information, see http://www.lwjgl.org)
[07:39:15] [Thread-8/INFO]: OpenAL initialized.
[07:39:16] [Sound Library Loader/INFO]: Sound engine started
[07:39:20] [Client thread/INFO]: Created: 512x512 textures-atlas
[07:39:24] [Client thread/INFO]: Stopping!
[07:39:24] [Client thread/INFO]: SoundSystem shutting down...
[07:39:24] [Client thread/WARN]: Author: Paul Lamb, www.paulscode.com
